Running task with value: .314159265320
Running task with value: .471238897980
Running task with value: .785398163300
Running task with value: .628318530640
100000
100128
100000
100128
100000
100128
100000
100128
100000
100128
100000
100128
100000
100128
100000
100128
100000
100128
100000
100128
68001
100128
learning_rate = 0.0002
Magnetization = -0.859375
mean(E): (-63.342002868652344+0.1894083321094513j), varE: 2.8908534049987793, #samples 256, #Step 68100 


grad_norm: 12.544896
learning_rate = 0.0002
Magnetization = -0.28125
mean(E): (-63.18711853027344+0.18574801087379456j), varE: 3.165661334991455, #samples 256, #Step 68200 


grad_norm: 16.491371
learning_rate = 0.0002
Magnetization = -0.640625
mean(E): (-63.08970260620117+0.1994655728340149j), varE: 15.722732543945312, #samples 256, #Step 68300 


grad_norm: 41.75897
learning_rate = 0.0002
Magnetization = -0.0703125
mean(E): (-63.41236114501953+0.16318601369857788j), varE: 2.008183002471924, #samples 256, #Step 68400 


grad_norm: 17.729471
learning_rate = 0.0002
Magnetization = -0.4765625
mean(E): (-63.3787956237793+0.1320677548646927j), varE: 1.8894624710083008, #samples 256, #Step 68500 


grad_norm: 11.041166
learning_rate = 0.0002
Magnetization = -0.1875
mean(E): (-63.402557373046875+0.22460317611694336j), varE: 2.4686059951782227, #samples 256, #Step 68600 


grad_norm: 11.607354
learning_rate = 0.0002
Magnetization = 0.171875
mean(E): (-63.35059356689453+0.26187074184417725j), varE: 1.514587640762329, #samples 256, #Step 68700 


grad_norm: 9.314646
learning_rate = 0.0002
Magnetization = -0.5703125
mean(E): (-63.2454948425293+0.25867652893066406j), varE: 1.989626407623291, #samples 256, #Step 68800 


grad_norm: 11.602858
learning_rate = 0.0002
Magnetization = 0.2890625
mean(E): (-63.20062255859375+0.16729146242141724j), varE: 2.7600505352020264, #samples 256, #Step 68900 


grad_norm: 37.351944
learning_rate = 0.0002
Magnetization = -0.046875
mean(E): (-63.348793029785156+0.2633182406425476j), varE: 1.5638647079467773, #samples 256, #Step 69000 


grad_norm: 10.245647
learning_rate = 0.0002
Magnetization = -0.2109375
mean(E): (-63.3020133972168+0.3439515233039856j), varE: 3.218186855316162, #samples 256, #Step 69100 


grad_norm: 36.15569
learning_rate = 0.0002
Magnetization = -0.2734375
mean(E): (-63.496795654296875+0.18240681290626526j), varE: 4.365481853485107, #samples 256, #Step 69200 


grad_norm: 38.593266
learning_rate = 0.0002
Magnetization = -0.4140625
mean(E): (-63.366943359375+0.2565726935863495j), varE: 0.9566155672073364, #samples 256, #Step 69300 


grad_norm: 8.218735
learning_rate = 0.0002
Magnetization = -0.375
mean(E): (-63.341285705566406+0.2377896010875702j), varE: 1.3330327272415161, #samples 256, #Step 69400 


grad_norm: 8.365575
learning_rate = 0.0002
Magnetization = -0.3515625
mean(E): (-63.29545593261719+0.24314013123512268j), varE: 1.095386266708374, #samples 256, #Step 69500 


grad_norm: 7.647552
learning_rate = 0.0002
Magnetization = 0.0078125
mean(E): (-63.29792022705078+0.22398781776428223j), varE: 1.8634366989135742, #samples 256, #Step 69600 


grad_norm: 9.827738
learning_rate = 0.0002
Magnetization = -0.3828125
mean(E): (-63.269386291503906+0.32302752137184143j), varE: 3.279447555541992, #samples 256, #Step 69700 


grad_norm: 17.122047
learning_rate = 0.0002
Magnetization = -0.625
mean(E): (-63.2117919921875+0.22548271715641022j), varE: 3.260491371154785, #samples 256, #Step 69800 


grad_norm: 16.527563
learning_rate = 0.0002
Magnetization = 1.515625
mean(E): (-63.36468505859375+0.16666516661643982j), varE: 4.247997283935547, #samples 256, #Step 69900 


grad_norm: 20.236202
learning_rate = 0.0002
Magnetization = -0.125
mean(E): (-63.44159698486328+0.2148219496011734j), varE: 4.05920934677124, #samples 256, #Step 70000 


grad_norm: 17.26488
learning_rate = 0.0002
Magnetization = -0.5234375
mean(E): (-63.292137145996094+0.2626282572746277j), varE: 1.4521515369415283, #samples 256, #Step 70100 


grad_norm: 13.30774
learning_rate = 0.0002
Magnetization = -0.0390625
mean(E): (-63.340980529785156+0.278096079826355j), varE: 2.2036099433898926, #samples 256, #Step 70200 


grad_norm: 12.816633
learning_rate = 0.0002
Magnetization = -0.3046875
mean(E): (-63.3712158203125+0.31329602003097534j), varE: 1.7676434516906738, #samples 256, #Step 70300 


grad_norm: 14.329486
learning_rate = 0.0002
Magnetization = -0.6171875
mean(E): (-63.21515655517578+0.2548995912075043j), varE: 5.4599690437316895, #samples 256, #Step 70400 


grad_norm: 19.740185
learning_rate = 0.0002
Magnetization = 0.09375
mean(E): (-63.25153350830078+0.19984078407287598j), varE: 1.4171314239501953, #samples 256, #Step 70500 


grad_norm: 8.759105
learning_rate = 0.0002
Magnetization = 0.2890625
mean(E): (-63.350101470947266+0.215872123837471j), varE: 1.9916075468063354, #samples 256, #Step 70600 


grad_norm: 12.410598
learning_rate = 0.0002
Magnetization = -0.0703125
mean(E): (-63.38347625732422+0.20962481200695038j), varE: 1.444265604019165, #samples 256, #Step 70700 


grad_norm: 8.113755
learning_rate = 0.0002
Magnetization = -0.0390625
mean(E): (-63.393218994140625+0.23739993572235107j), varE: 1.348338007926941, #samples 256, #Step 70800 


grad_norm: 8.213616
learning_rate = 0.0002
Magnetization = 0.1875
mean(E): (-63.29960250854492+0.239185631275177j), varE: 0.8704186677932739, #samples 256, #Step 70900 


grad_norm: 6.3207083
learning_rate = 0.0002
Magnetization = -0.453125
mean(E): (-63.43068313598633+0.18907491862773895j), varE: 2.2170722484588623, #samples 256, #Step 71000 


grad_norm: 11.52221
learning_rate = 0.0002
Magnetization = 0.015625
mean(E): (-63.2619743347168+0.20578384399414062j), varE: 2.4286885261535645, #samples 256, #Step 71100 


grad_norm: 10.462706
learning_rate = 0.0002
Magnetization = 0.6484375
mean(E): (-63.22697448730469+0.214053213596344j), varE: 1.9665839672088623, #samples 256, #Step 71200 


grad_norm: 11.243971
learning_rate = 0.0002
Magnetization = -0.3828125
mean(E): (-63.333595275878906+0.2580791711807251j), varE: 1.2762137651443481, #samples 256, #Step 71300 


grad_norm: 8.347796
learning_rate = 0.0002
Magnetization = 0.015625
mean(E): (-63.50165939331055+0.11519964784383774j), varE: 9.049786567687988, #samples 256, #Step 71400 


grad_norm: 26.074173
learning_rate = 0.0002
Magnetization = -0.34375
mean(E): (-62.77086639404297+0.19338959455490112j), varE: 95.584716796875, #samples 256, #Step 71500 


grad_norm: 36.279083
learning_rate = 0.0002
Magnetization = -0.84375
mean(E): (-63.32133483886719+0.19383616745471954j), varE: 1.9654319286346436, #samples 256, #Step 71600 


grad_norm: 11.626009
learning_rate = 0.0002
Magnetization = -0.53125
mean(E): (-63.390708923339844+0.23962464928627014j), varE: 1.14998459815979, #samples 256, #Step 71700 


grad_norm: 8.295135
learning_rate = 0.0002
Magnetization = 0.546875
mean(E): (-63.306396484375+0.3074612021446228j), varE: 1.4897267818450928, #samples 256, #Step 71800 


grad_norm: 8.871503
learning_rate = 0.0002
Magnetization = -0.6171875
mean(E): (-63.45183181762695+0.29499179124832153j), varE: 1.6846303939819336, #samples 256, #Step 71900 


grad_norm: 10.082895
learning_rate = 0.0002
Magnetization = -0.53125
mean(E): (-63.38976287841797+0.26361095905303955j), varE: 1.1005316972732544, #samples 256, #Step 72000 


grad_norm: 9.2188015
learning_rate = 0.0002
Magnetization = -0.6875
mean(E): (-63.36250305175781+0.2588469982147217j), varE: 1.9785455465316772, #samples 256, #Step 72100 


grad_norm: 12.251873
learning_rate = 0.0002
Magnetization = -0.2421875
mean(E): (-63.35295867919922+0.25897216796875j), varE: 2.036886692047119, #samples 256, #Step 72200 


grad_norm: 13.297571
learning_rate = 0.0002
Magnetization = -0.734375
mean(E): (-63.34265899658203+0.20884855091571808j), varE: 1.575105905532837, #samples 256, #Step 72300 


grad_norm: 10.00701
learning_rate = 0.0002
Magnetization = 0.515625
mean(E): (-63.354644775390625+0.2156560868024826j), varE: 1.141857624053955, #samples 256, #Step 72400 


grad_norm: 8.083641
learning_rate = 0.0002
Magnetization = -0.6796875
mean(E): (-63.3480224609375+0.1999209225177765j), varE: 1.0193815231323242, #samples 256, #Step 72500 


grad_norm: 8.624197
learning_rate = 0.0002
Magnetization = -1.0
mean(E): (-63.341102600097656+0.24094828963279724j), varE: 2.7923569679260254, #samples 256, #Step 72600 


grad_norm: 18.947733
learning_rate = 0.0002
Magnetization = -0.078125
mean(E): (-63.42053985595703+0.24345901608467102j), varE: 1.560813069343567, #samples 256, #Step 72700 


grad_norm: 11.756503
learning_rate = 0.0002
Magnetization = -0.140625
mean(E): (-63.25465393066406+0.1443805694580078j), varE: 3.7964940071105957, #samples 256, #Step 72800 


grad_norm: 17.082226
learning_rate = 0.0002
Magnetization = -0.2109375
mean(E): (-63.28485870361328+0.11635610461235046j), varE: 6.610055923461914, #samples 256, #Step 72900 


grad_norm: 47.288998
learning_rate = 0.0002
Magnetization = 0.2421875
mean(E): (-63.28417205810547+0.26982754468917847j), varE: 1.1434106826782227, #samples 256, #Step 73000 


grad_norm: 7.829871
learning_rate = 0.0002
Magnetization = 0.265625
mean(E): (-63.48686218261719+0.2777884006500244j), varE: 1.9453611373901367, #samples 256, #Step 73100 


grad_norm: 16.160088
learning_rate = 0.0002
Magnetization = -0.0703125
mean(E): (-63.29970169067383+0.2476879060268402j), varE: 1.1424351930618286, #samples 256, #Step 73200 


grad_norm: 8.844487
learning_rate = 0.0002
Magnetization = -0.3125
mean(E): (-63.3723258972168-0.06994587182998657j), varE: 19.66046714782715, #samples 256, #Step 73300 


grad_norm: 45.503567
learning_rate = 0.0002
Magnetization = -0.25
mean(E): (-63.29710388183594+0.1864732801914215j), varE: 1.63755202293396, #samples 256, #Step 73400 


grad_norm: 12.696904
learning_rate = 0.0002
Magnetization = -0.625
mean(E): (-63.39389419555664+0.24662363529205322j), varE: 1.6958895921707153, #samples 256, #Step 73500 


grad_norm: 10.375718
learning_rate = 0.0002
Magnetization = 0.421875
mean(E): (-63.293296813964844+0.24653694033622742j), varE: 1.4767355918884277, #samples 256, #Step 73600 


grad_norm: 10.011899
learning_rate = 0.0002
Magnetization = 0.453125
mean(E): (-63.20981216430664+0.27220970392227173j), varE: 2.3939270973205566, #samples 256, #Step 73700 


grad_norm: 12.979601
learning_rate = 0.0002
Magnetization = -0.5234375
mean(E): (-63.27644348144531+0.2520601153373718j), varE: 1.0013724565505981, #samples 256, #Step 73800 


grad_norm: 7.3842793
learning_rate = 0.0002
Magnetization = -0.2109375
mean(E): (-63.27922821044922+0.3098950982093811j), varE: 2.3145995140075684, #samples 256, #Step 73900 


grad_norm: 16.208605
learning_rate = 0.0002
Magnetization = -0.4921875
mean(E): (-63.355262756347656+0.21007230877876282j), varE: 1.8556034564971924, #samples 256, #Step 74000 


grad_norm: 14.765387
learning_rate = 0.0002
Magnetization = -0.46875
mean(E): (-63.379215240478516+0.22083954513072968j), varE: 1.0649808645248413, #samples 256, #Step 74100 


grad_norm: 7.780365
learning_rate = 0.0002
Magnetization = -0.234375
mean(E): (-63.50663757324219+0.31963780522346497j), varE: 2.419189453125, #samples 256, #Step 74200 


grad_norm: 15.031523
learning_rate = 0.0002
Magnetization = -0.6484375
mean(E): (-63.26122283935547+0.25652778148651123j), varE: 2.3459715843200684, #samples 256, #Step 74300 


grad_norm: 12.504143
learning_rate = 0.0002
Magnetization = -0.4765625
mean(E): (-63.355892181396484+0.2136528193950653j), varE: 2.591315269470215, #samples 256, #Step 74400 


grad_norm: 12.939943
learning_rate = 0.0002
Magnetization = -0.4609375
mean(E): (-63.436988830566406+0.15907633304595947j), varE: 5.57830286026001, #samples 256, #Step 74500 


grad_norm: 19.505695
learning_rate = 0.0002
Magnetization = -0.0546875
mean(E): (-63.40007400512695+0.22624696791172028j), varE: 2.4462015628814697, #samples 256, #Step 74600 


grad_norm: 13.614473
learning_rate = 0.0002
Magnetization = -0.09375
mean(E): (-63.353721618652344+0.1889769434928894j), varE: 1.046486735343933, #samples 256, #Step 74700 


grad_norm: 8.309827
learning_rate = 0.0002
Magnetization = -0.6015625
mean(E): (-63.432743072509766+0.11812947690486908j), varE: 11.289139747619629, #samples 256, #Step 74800 


grad_norm: 60.961933
learning_rate = 0.0002
Magnetization = -0.09375
mean(E): (-63.34117889404297+0.26842382550239563j), varE: 2.9776580333709717, #samples 256, #Step 74900 


grad_norm: 12.651607
learning_rate = 0.0002
Magnetization = 0.203125
mean(E): (-63.42121887207031+0.18799760937690735j), varE: 2.129063129425049, #samples 256, #Step 75000 


grad_norm: 15.04618
learning_rate = 0.0002
Magnetization = -0.234375
mean(E): (-63.24547576904297+0.39536213874816895j), varE: 8.175413131713867, #samples 256, #Step 75100 


grad_norm: 44.421474
learning_rate = 0.0002
Magnetization = 0.15625
mean(E): (-63.21913528442383+0.2249058187007904j), varE: 4.153424263000488, #samples 256, #Step 75200 


grad_norm: 22.977106
learning_rate = 0.0002
Magnetization = -0.546875
mean(E): (-63.29484939575195+0.31228649616241455j), varE: 1.2911245822906494, #samples 256, #Step 75300 


grad_norm: 9.906158
learning_rate = 0.0002
Magnetization = -0.5390625
mean(E): (-63.413543701171875+0.25049716234207153j), varE: 1.6672691106796265, #samples 256, #Step 75400 


grad_norm: 10.241476
learning_rate = 0.0002
Magnetization = -0.6875
mean(E): (-63.308956146240234+0.21226298809051514j), varE: 1.4252183437347412, #samples 256, #Step 75500 


grad_norm: 9.680056
learning_rate = 0.0002
Magnetization = -0.1484375
mean(E): (-63.20211410522461+0.27613717317581177j), varE: 6.8885297775268555, #samples 256, #Step 75600 


grad_norm: 42.231705
learning_rate = 0.0002
Magnetization = -0.84375
mean(E): (-63.3133544921875+0.22828125953674316j), varE: 1.0234324932098389, #samples 256, #Step 75700 


grad_norm: 7.9199185
learning_rate = 0.0002
Magnetization = 0.4296875
mean(E): (-63.35877990722656+0.25993612408638j), varE: 1.3334635496139526, #samples 256, #Step 75800 


grad_norm: 8.628384
learning_rate = 0.0002
Magnetization = -0.2734375
mean(E): (-63.37701416015625+0.22710952162742615j), varE: 1.1364625692367554, #samples 256, #Step 75900 


grad_norm: 8.228263
learning_rate = 0.0002
Magnetization = 0.46875
mean(E): (-63.28131103515625+0.24714873731136322j), varE: 1.6368273496627808, #samples 256, #Step 76000 


grad_norm: 9.766873
learning_rate = 0.0002
Magnetization = -1.2421875
mean(E): (-63.52259063720703+0.08774924278259277j), varE: 5.3468217849731445, #samples 256, #Step 76100 


grad_norm: 32.098194
learning_rate = 0.0002
Magnetization = 0.8828125
mean(E): (-63.404815673828125+0.28483229875564575j), varE: 1.2509632110595703, #samples 256, #Step 76200 


grad_norm: 9.862274
learning_rate = 0.0002
Magnetization = -0.3515625
mean(E): (-63.2322883605957+0.1781880408525467j), varE: 11.987116813659668, #samples 256, #Step 76300 


grad_norm: 18.651987
learning_rate = 0.0002
Magnetization = 0.0234375
mean(E): (-63.35508728027344+0.21325457096099854j), varE: 1.8917160034179688, #samples 256, #Step 76400 


grad_norm: 9.966031
learning_rate = 0.0002
Magnetization = 0.625
mean(E): (-63.32445526123047+0.1933918595314026j), varE: 1.4209349155426025, #samples 256, #Step 76500 


grad_norm: 9.837322
learning_rate = 0.0002
Magnetization = 0.5234375
mean(E): (-63.402183532714844+0.297846257686615j), varE: 2.049520492553711, #samples 256, #Step 76600 


grad_norm: 14.686423
learning_rate = 0.0002
Magnetization = -0.40625
mean(E): (-63.39970779418945+0.3289414048194885j), varE: 1.7130234241485596, #samples 256, #Step 76700 


grad_norm: 10.394036
learning_rate = 0.0002
Magnetization = -0.4296875
mean(E): (-63.46582794189453+0.16399462521076202j), varE: 1.7805378437042236, #samples 256, #Step 76800 


grad_norm: 12.992095
learning_rate = 0.0002
Magnetization = -0.2265625
mean(E): (-63.56904602050781+0.2648046910762787j), varE: 18.696008682250977, #samples 256, #Step 76900 


grad_norm: 38.586323
learning_rate = 0.0002
Magnetization = -0.7578125
mean(E): (-63.32102966308594+0.2478100210428238j), varE: 1.2714245319366455, #samples 256, #Step 77000 


grad_norm: 10.169737
learning_rate = 0.0002
Magnetization = 0.125
mean(E): (-63.272193908691406+0.32551997900009155j), varE: 3.8511061668395996, #samples 256, #Step 77100 


grad_norm: 35.750076
learning_rate = 0.0002
Magnetization = 0.34375
mean(E): (-63.24341583251953+0.2969602942466736j), varE: 6.016530990600586, #samples 256, #Step 77200 


grad_norm: 30.362846
learning_rate = 0.0002
Magnetization = -0.171875
mean(E): (-63.38276672363281+0.14959532022476196j), varE: 12.056418418884277, #samples 256, #Step 77300 


grad_norm: 49.861954
learning_rate = 0.0002
Magnetization = -0.734375
mean(E): (-63.277496337890625+0.2415567934513092j), varE: 8.934311866760254, #samples 256, #Step 77400 


grad_norm: 18.042248
learning_rate = 0.0002
Magnetization = -0.3359375
mean(E): (-63.395721435546875+0.31631165742874146j), varE: 1.5224019289016724, #samples 256, #Step 77500 


grad_norm: 10.86474
learning_rate = 0.0002
Magnetization = 0.1875
mean(E): (-63.37424087524414+0.20310400426387787j), varE: 1.5493733882904053, #samples 256, #Step 77600 


grad_norm: 9.076296
learning_rate = 0.0002
Magnetization = 0.4375
mean(E): (-63.24623107910156+0.26366734504699707j), varE: 9.534760475158691, #samples 256, #Step 77700 


grad_norm: 22.975101
learning_rate = 0.0002
Magnetization = 0.796875
mean(E): (-63.38542556762695+0.2814010977745056j), varE: 4.168093681335449, #samples 256, #Step 77800 


grad_norm: 23.638124
learning_rate = 0.0002
Magnetization = 0.3046875
mean(E): (-63.624595642089844+0.29306507110595703j), varE: 19.180648803710938, #samples 256, #Step 77900 


grad_norm: 34.464504
learning_rate = 0.0002
Magnetization = 0.0546875
mean(E): (-63.49900817871094+0.2282208502292633j), varE: 4.559625625610352, #samples 256, #Step 78000 


grad_norm: 18.073872
learning_rate = 0.0002
Magnetization = -0.078125
mean(E): (-63.39638900756836+0.23089423775672913j), varE: 1.7065060138702393, #samples 256, #Step 78100 


grad_norm: 11.5859375
learning_rate = 0.0002
Magnetization = -0.2421875
mean(E): (-63.388145446777344+0.07302501052618027j), varE: 5.71586275100708, #samples 256, #Step 78200 


grad_norm: 25.06292
learning_rate = 0.0002
Magnetization = 0.484375
mean(E): (-63.50272750854492+0.3094671368598938j), varE: 1.242881417274475, #samples 256, #Step 78300 


grad_norm: 10.07659
learning_rate = 0.0002
Magnetization = -0.53125
mean(E): (-63.32600784301758+0.28724274039268494j), varE: 1.6246739625930786, #samples 256, #Step 78400 


grad_norm: 9.275087
learning_rate = 0.0002
Magnetization = -1.015625
mean(E): (-63.473167419433594+0.3122963309288025j), varE: 3.280165433883667, #samples 256, #Step 78500 


grad_norm: 13.567368
learning_rate = 0.0002
Magnetization = -0.6015625
mean(E): (-63.35694885253906+0.17497524619102478j), varE: 1.5661016702651978, #samples 256, #Step 78600 


grad_norm: 11.061207
learning_rate = 0.0002
Magnetization = 0.1015625
mean(E): (-63.332672119140625+0.23760151863098145j), varE: 2.441497802734375, #samples 256, #Step 78700 


grad_norm: 11.713818
learning_rate = 0.0002
Magnetization = -1.1796875
mean(E): (-63.392974853515625+0.20182693004608154j), varE: 2.0997154712677, #samples 256, #Step 78800 


grad_norm: 13.158423
learning_rate = 0.0002
Magnetization = 0.09375
mean(E): (-63.31726837158203+0.2592785954475403j), varE: 2.828397750854492, #samples 256, #Step 78900 


grad_norm: 13.595315
learning_rate = 0.0002
Magnetization = -1.390625
mean(E): (-63.36449432373047+0.32949531078338623j), varE: 1.9573559761047363, #samples 256, #Step 79000 


grad_norm: 23.968218
learning_rate = 0.0002
Magnetization = -0.8828125
mean(E): (-63.41293716430664+0.20816701650619507j), varE: 1.115492582321167, #samples 256, #Step 79100 


grad_norm: 8.634774
learning_rate = 0.0002
Magnetization = 0.1953125
mean(E): (-63.231605529785156+0.31769055128097534j), varE: 14.657824516296387, #samples 256, #Step 79200 


grad_norm: 37.48639
learning_rate = 0.0002
Magnetization = -0.2734375
mean(E): (-63.40498352050781+0.30751270055770874j), varE: 4.009788513183594, #samples 256, #Step 79300 


grad_norm: 16.53196
learning_rate = 0.0002
Magnetization = 0.0625
mean(E): (-63.08014678955078+0.3354753851890564j), varE: 20.74261474609375, #samples 256, #Step 79400 


grad_norm: 48.95061
learning_rate = 0.0002
Magnetization = 0.2421875
mean(E): (-63.42797088623047+0.25732818245887756j), varE: 1.3452520370483398, #samples 256, #Step 79500 


grad_norm: 9.870845
learning_rate = 0.0002
Magnetization = 0.5703125
mean(E): (-63.38550567626953+0.017583221197128296j), varE: 8.558241844177246, #samples 256, #Step 79600 


grad_norm: 44.698944
learning_rate = 0.0002
Magnetization = 0.3046875
mean(E): (-63.41450119018555+0.29369843006134033j), varE: 1.5393637418746948, #samples 256, #Step 79700 


grad_norm: 10.292751
learning_rate = 0.0002
Magnetization = -0.2890625
mean(E): (-63.42457580566406+0.27251458168029785j), varE: 1.5360687971115112, #samples 256, #Step 79800 


grad_norm: 8.966877
learning_rate = 0.0002
Magnetization = 0.4453125
mean(E): (-63.35350799560547+0.1558740735054016j), varE: 1.6553618907928467, #samples 256, #Step 79900 


grad_norm: 9.889182
learning_rate = 0.0002
Magnetization = -0.0546875
mean(E): (-63.41687774658203+0.2704313397407532j), varE: 1.4789652824401855, #samples 256, #Step 80000 


grad_norm: 9.837718
learning_rate = 0.0002
Magnetization = -1.046875
mean(E): (-63.311798095703125+0.36499905586242676j), varE: 11.382214546203613, #samples 256, #Step 80100 


grad_norm: 72.033455
learning_rate = 0.0002
Magnetization = -0.2578125
mean(E): (-63.299312591552734+0.13865375518798828j), varE: 5.277006149291992, #samples 256, #Step 80200 


grad_norm: 24.610767
learning_rate = 0.0002
Magnetization = -0.4765625
mean(E): (-63.4290657043457+0.20449411869049072j), varE: 1.609621524810791, #samples 256, #Step 80300 


grad_norm: 11.710032
learning_rate = 0.0002
Magnetization = 0.2265625
mean(E): (-63.38160705566406+0.17906521260738373j), varE: 1.7478477954864502, #samples 256, #Step 80400 


grad_norm: 11.4826765
learning_rate = 0.0002
Magnetization = -0.875
mean(E): (-63.34728240966797+0.31817564368247986j), varE: 3.1281564235687256, #samples 256, #Step 80500 


grad_norm: 19.624813
learning_rate = 0.0002
Magnetization = -1.1328125
mean(E): (-63.29137420654297+0.30390113592147827j), varE: 2.6858484745025635, #samples 256, #Step 80600 


grad_norm: 19.671743
learning_rate = 0.0002
Magnetization = -0.8984375
mean(E): (-63.349395751953125+0.2176269143819809j), varE: 2.7844338417053223, #samples 256, #Step 80700 


grad_norm: 32.574528
learning_rate = 0.0002
Magnetization = -0.1640625
mean(E): (-63.478981018066406+0.17848190665245056j), varE: 1.217106580734253, #samples 256, #Step 80800 


grad_norm: 9.072131
learning_rate = 0.0002
Magnetization = 0.3359375
mean(E): (-63.42463684082031+0.29289737343788147j), varE: 2.4815235137939453, #samples 256, #Step 80900 


grad_norm: 13.2234745
learning_rate = 0.0002
Magnetization = -0.7265625
mean(E): (-63.44886016845703+0.1907738894224167j), varE: 1.9526879787445068, #samples 256, #Step 81000 


grad_norm: 12.579806
learning_rate = 0.0002
Magnetization = 0.1796875
mean(E): (-63.520713806152344+0.29383912682533264j), varE: 3.2285726070404053, #samples 256, #Step 81100 


grad_norm: 15.306828
learning_rate = 0.0002
Magnetization = 0.1484375
mean(E): (-63.448326110839844+0.23873397707939148j), varE: 1.6576104164123535, #samples 256, #Step 81200 


grad_norm: 9.752494
learning_rate = 0.0002
Magnetization = -0.4765625
mean(E): (-63.37188720703125+0.2213205099105835j), varE: 2.2476160526275635, #samples 256, #Step 81300 


grad_norm: 13.253766
learning_rate = 0.0002
Magnetization = 0.046875
mean(E): (-63.63985824584961+0.1936829388141632j), varE: 1.899207592010498, #samples 256, #Step 81400 


grad_norm: 9.912295
learning_rate = 0.0002
Magnetization = -0.2109375
mean(E): (-63.55973815917969+0.24519769847393036j), varE: 2.0902345180511475, #samples 256, #Step 81500 


grad_norm: 12.858942
learning_rate = 0.0002
Magnetization = -0.53125
mean(E): (-63.49306106567383+0.19319549202919006j), varE: 1.072490930557251, #samples 256, #Step 81600 


grad_norm: 8.555945
learning_rate = 0.0002
Magnetization = -0.4296875
mean(E): (-63.529693603515625+0.2522940933704376j), varE: 1.4819070100784302, #samples 256, #Step 81700 


grad_norm: 9.701736
learning_rate = 0.0002
Magnetization = 0.0625
mean(E): (-63.46300506591797+0.1947932243347168j), varE: 1.287736415863037, #samples 256, #Step 81800 


grad_norm: 9.540315
learning_rate = 0.0002
Magnetization = -0.375
mean(E): (-63.297447204589844+0.23254789412021637j), varE: 1.3077117204666138, #samples 256, #Step 81900 


grad_norm: 8.846199
learning_rate = 0.0002
Magnetization = -0.2890625
mean(E): (-63.354801177978516+0.3968140780925751j), varE: 7.4740495681762695, #samples 256, #Step 82000 


grad_norm: 32.58399
learning_rate = 0.0002
Magnetization = -0.171875
mean(E): (-63.442874908447266+0.2813008427619934j), varE: 2.1049270629882812, #samples 256, #Step 82100 


grad_norm: 12.467263
learning_rate = 0.0002
Magnetization = -0.28125
mean(E): (-63.67582321166992+0.3274310529232025j), varE: 8.213448524475098, #samples 256, #Step 82200 


grad_norm: 23.850918
learning_rate = 0.0002
Magnetization = -0.5546875
mean(E): (-63.26152801513672+0.278522253036499j), varE: 1.9395241737365723, #samples 256, #Step 82300 


grad_norm: 14.58064
learning_rate = 0.0002
Magnetization = -0.65625
mean(E): (-63.45745849609375+0.1644921898841858j), varE: 1.4573440551757812, #samples 256, #Step 82400 


grad_norm: 8.565756
learning_rate = 0.0002
Magnetization = 0.453125
mean(E): (-63.44416046142578+0.26520371437072754j), varE: 1.407320499420166, #samples 256, #Step 82500 


grad_norm: 9.879992
learning_rate = 0.0002
Magnetization = 0.140625
mean(E): (-63.52190399169922+0.2006700336933136j), varE: 3.075000762939453, #samples 256, #Step 82600 


grad_norm: 15.712918
learning_rate = 0.0002
Magnetization = -0.5
mean(E): (-63.462886810302734+0.2269207090139389j), varE: 1.5841693878173828, #samples 256, #Step 82700 


grad_norm: 9.2990465
learning_rate = 0.0002
Magnetization = 0.7578125
mean(E): (-63.196102142333984+0.4626719057559967j), varE: 9.42758560180664, #samples 256, #Step 82800 


grad_norm: 44.245144
learning_rate = 0.0002
Magnetization = 0.1328125
mean(E): (-63.487823486328125+0.23139917850494385j), varE: 1.3660427331924438, #samples 256, #Step 82900 


grad_norm: 9.232662
learning_rate = 0.0002
Magnetization = 0.8515625
mean(E): (-63.36125946044922+0.18178455531597137j), varE: 3.4606518745422363, #samples 256, #Step 83000 


grad_norm: 14.82901
learning_rate = 0.0002
Magnetization = 0.09375
mean(E): (-63.470985412597656+0.3493819236755371j), varE: 5.923972129821777, #samples 256, #Step 83100 


grad_norm: 51.129425
learning_rate = 0.0002
Magnetization = -0.2421875
mean(E): (-63.53326416015625+0.21313834190368652j), varE: 3.2950263023376465, #samples 256, #Step 83200 


grad_norm: 33.622307
learning_rate = 0.0002
Magnetization = -0.65625
mean(E): (-63.343971252441406+0.2563706040382385j), varE: 2.1822991371154785, #samples 256, #Step 83300 


grad_norm: 13.913318
learning_rate = 0.0002
Magnetization = 0.125
mean(E): (-63.38969802856445+0.29939135909080505j), varE: 3.8346524238586426, #samples 256, #Step 83400 


grad_norm: 27.45714
learning_rate = 0.0002
Magnetization = -0.71875
mean(E): (-63.43927764892578+0.3278658390045166j), varE: 5.802065372467041, #samples 256, #Step 83500 


grad_norm: 26.067425
learning_rate = 0.0002
Magnetization = -0.3203125
mean(E): (-63.423946380615234+0.25811052322387695j), varE: 1.6816465854644775, #samples 256, #Step 83600 


grad_norm: 10.46002
learning_rate = 0.0002
Magnetization = -0.6640625
mean(E): (-63.583091735839844+0.38800373673439026j), varE: 9.94041919708252, #samples 256, #Step 83700 


grad_norm: 31.210634
learning_rate = 0.0002
Magnetization = 0.25
mean(E): (-63.34173583984375+0.28307679295539856j), varE: 4.253366947174072, #samples 256, #Step 83800 


grad_norm: 23.508951
learning_rate = 0.0002
Magnetization = -0.4453125
mean(E): (-63.43747329711914+0.18654564023017883j), varE: 2.5009355545043945, #samples 256, #Step 83900 


grad_norm: 13.997523
learning_rate = 0.0002
Magnetization = -0.078125
mean(E): (-63.30479431152344+0.033887144178152084j), varE: 7.747886657714844, #samples 256, #Step 84000 


grad_norm: 60.08669
learning_rate = 0.0002
Magnetization = -0.2578125
mean(E): (-63.51157760620117+0.21711242198944092j), varE: 1.08016037940979, #samples 256, #Step 84100 


grad_norm: 8.805735
learning_rate = 0.0002
Magnetization = 0.171875
mean(E): (-63.50093460083008+0.2862670421600342j), varE: 1.1870537996292114, #samples 256, #Step 84200 


grad_norm: 7.585091
learning_rate = 0.0002
Magnetization = -0.78125
mean(E): (-63.44072341918945+0.1940099447965622j), varE: 1.32061767578125, #samples 256, #Step 84300 


grad_norm: 9.041303
learning_rate = 0.0002
Magnetization = 0.125
mean(E): (-63.517356872558594+0.1830090582370758j), varE: 3.3058061599731445, #samples 256, #Step 84400 


grad_norm: 15.685045
learning_rate = 0.0002
Magnetization = -0.7109375
mean(E): (-63.289947509765625+0.3056127429008484j), varE: 11.417617797851562, #samples 256, #Step 84500 


grad_norm: 54.503376
learning_rate = 0.0002
Magnetization = 0.0546875
mean(E): (-63.499046325683594+0.22352898120880127j), varE: 3.525118589401245, #samples 256, #Step 84600 


grad_norm: 16.393827
learning_rate = 0.0002
Magnetization = -0.5234375
mean(E): (-63.46199035644531+0.26535362005233765j), varE: 1.5712249279022217, #samples 256, #Step 84700 


grad_norm: 10.390898
learning_rate = 0.0002
Magnetization = -0.1328125
mean(E): (-63.53192138671875+0.2419929802417755j), varE: 3.4454240798950195, #samples 256, #Step 84800 


grad_norm: 17.8505
learning_rate = 0.0002
Magnetization = -1.0078125
mean(E): (-63.4843864440918+0.22719761729240417j), varE: 1.4035251140594482, #samples 256, #Step 84900 


grad_norm: 9.790373
learning_rate = 0.0002
Magnetization = -0.09375
mean(E): (-63.44712829589844+0.232298344373703j), varE: 4.291659355163574, #samples 256, #Step 85000 


grad_norm: 42.517185
learning_rate = 0.0002
Magnetization = -0.2421875
mean(E): (-63.534385681152344+0.18314172327518463j), varE: 1.7892018556594849, #samples 256, #Step 85100 


grad_norm: 10.766002
learning_rate = 0.0002
Magnetization = -0.90625
mean(E): (-63.48124694824219+0.24902397394180298j), varE: 1.7499161958694458, #samples 256, #Step 85200 


grad_norm: 11.850813
learning_rate = 0.0002
Magnetization = -0.1796875
mean(E): (-63.45582580566406+0.21623241901397705j), varE: 1.076661467552185, #samples 256, #Step 85300 


grad_norm: 7.999801
learning_rate = 0.0002
Magnetization = -0.109375
mean(E): (-63.347808837890625+0.2762738764286041j), varE: 1.7657902240753174, #samples 256, #Step 85400 


grad_norm: 10.779881
learning_rate = 0.0002
Magnetization = -0.5234375
mean(E): (-63.13438415527344+0.23499897122383118j), varE: 12.472037315368652, #samples 256, #Step 85500 


grad_norm: 27.584835
learning_rate = 0.0002
Magnetization = 0.3125
mean(E): (-63.502723693847656+0.1546330749988556j), varE: 1.611565351486206, #samples 256, #Step 85600 


grad_norm: 10.418207
learning_rate = 0.0002
Magnetization = -0.359375
mean(E): (-63.411346435546875+0.24311429262161255j), varE: 1.284399390220642, #samples 256, #Step 85700 


grad_norm: 9.884473
learning_rate = 0.0002
Magnetization = -0.84375
mean(E): (-63.45881652832031+0.21626722812652588j), varE: 1.2782957553863525, #samples 256, #Step 85800 


grad_norm: 9.395382
learning_rate = 0.0002
Magnetization = 0.0703125
mean(E): (-63.42384338378906+0.2287755310535431j), varE: 1.8698211908340454, #samples 256, #Step 85900 


grad_norm: 10.883806
learning_rate = 0.0002
Magnetization = -0.921875
mean(E): (-63.522403717041016+0.19337670505046844j), varE: 1.585665225982666, #samples 256, #Step 86000 


grad_norm: 10.106681
learning_rate = 0.0002
Magnetization = 0.359375
mean(E): (-63.470008850097656+0.18440976738929749j), varE: 1.6597864627838135, #samples 256, #Step 86100 


grad_norm: 9.568689
learning_rate = 0.0002
Magnetization = 0.75
mean(E): (-63.36652374267578+0.21792112290859222j), varE: 1.5973613262176514, #samples 256, #Step 86200 


grad_norm: 8.93406
learning_rate = 0.0002
Magnetization = 0.1640625
mean(E): (-63.4443359375+0.17334643006324768j), varE: 0.998013436794281, #samples 256, #Step 86300 


grad_norm: 8.01296
learning_rate = 0.0002
Magnetization = 0.0625
mean(E): (-63.54685974121094+0.1858597993850708j), varE: 2.217729091644287, #samples 256, #Step 86400 


grad_norm: 36.500546
learning_rate = 0.0002
Magnetization = -0.1953125
mean(E): (-63.36289978027344-0.014207534492015839j), varE: 13.11551284790039, #samples 256, #Step 86500 


grad_norm: 31.718706
learning_rate = 0.0002
Magnetization = 0.2578125
mean(E): (-63.388031005859375+0.217951238155365j), varE: 1.9648988246917725, #samples 256, #Step 86600 


grad_norm: 12.225853
learning_rate = 0.0002
Magnetization = -0.328125
mean(E): (-63.46295928955078+0.20601142942905426j), varE: 1.529129981994629, #samples 256, #Step 86700 


grad_norm: 10.146269
learning_rate = 0.0002
Magnetization = 0.3984375
mean(E): (-63.47625732421875+0.21470403671264648j), varE: 1.6025426387786865, #samples 256, #Step 86800 


grad_norm: 11.564613
learning_rate = 0.0002
Magnetization = -0.390625
mean(E): (-63.47422790527344+0.20274651050567627j), varE: 2.709256172180176, #samples 256, #Step 86900 


grad_norm: 15.523987
learning_rate = 0.0002
Magnetization = 0.9140625
mean(E): (-63.31747817993164+0.3376462161540985j), varE: 11.591472625732422, #samples 256, #Step 87000 


grad_norm: 66.776436
learning_rate = 0.0002
Magnetization = 0.3359375
mean(E): (-63.53767395019531+0.19773560762405396j), varE: 1.3829987049102783, #samples 256, #Step 87100 


grad_norm: 9.779561
learning_rate = 0.0002
Magnetization = -0.125
mean(E): (-63.45957946777344+0.18977613747119904j), varE: 1.0692349672317505, #samples 256, #Step 87200 


grad_norm: 7.839502
learning_rate = 0.0002
Magnetization = 0.09375
mean(E): (-63.480743408203125+0.1757512092590332j), varE: 2.6675381660461426, #samples 256, #Step 87300 


grad_norm: 16.466578
learning_rate = 0.0002
Magnetization = -0.5546875
mean(E): (-63.27941131591797+0.25180694460868835j), varE: 6.065363883972168, #samples 256, #Step 87400 


grad_norm: 30.049685
learning_rate = 0.0002
Magnetization = -0.3046875
mean(E): (-63.52333450317383+0.23430867493152618j), varE: 3.648411750793457, #samples 256, #Step 87500 


grad_norm: 13.650214
learning_rate = 0.0002
Magnetization = 0.2109375
mean(E): (-63.65359115600586+0.29253867268562317j), varE: 5.041143417358398, #samples 256, #Step 87600 


grad_norm: 20.354015
learning_rate = 0.0002
Magnetization = 0.296875
mean(E): (-63.49244689941406+0.2757619023323059j), varE: 1.3843286037445068, #samples 256, #Step 87700 


grad_norm: 10.051188
learning_rate = 0.0002
Magnetization = -0.0703125
mean(E): (-63.49733352661133+0.23084673285484314j), varE: 2.385436534881592, #samples 256, #Step 87800 


grad_norm: 12.529724
learning_rate = 0.0002
Magnetization = -0.2890625
mean(E): (-63.38325881958008+0.20284363627433777j), varE: 2.4504175186157227, #samples 256, #Step 87900 


grad_norm: 13.396904
learning_rate = 0.0002
Magnetization = -0.4140625
mean(E): (-63.479759216308594+0.24527817964553833j), varE: 2.16937255859375, #samples 256, #Step 88000 


grad_norm: 12.7358465
learning_rate = 0.0002
Magnetization = 0.015625
mean(E): (-63.2960319519043+0.15676280856132507j), varE: 1.2711701393127441, #samples 256, #Step 88100 


grad_norm: 9.036382
learning_rate = 0.0002
Magnetization = -0.15625
mean(E): (-63.584877014160156+0.18866649270057678j), varE: 3.5355474948883057, #samples 256, #Step 88200 


grad_norm: 14.878252
learning_rate = 0.0002
Magnetization = 0.1484375
mean(E): (-63.20368957519531+0.30005329847335815j), varE: 7.116035461425781, #samples 256, #Step 88300 


grad_norm: 43.272755
learning_rate = 0.0002
Magnetization = 1.046875
mean(E): (-63.381561279296875+0.27955907583236694j), varE: 1.0120875835418701, #samples 256, #Step 88400 


grad_norm: 7.7284336
learning_rate = 0.0002
Magnetization = -0.046875
mean(E): (-63.545379638671875+0.2422921508550644j), varE: 1.414588451385498, #samples 256, #Step 88500 


grad_norm: 8.695973
learning_rate = 0.0002
Magnetization = -0.6875
mean(E): (-63.532806396484375+0.17097745835781097j), varE: 1.883533000946045, #samples 256, #Step 88600 


grad_norm: 11.311154
learning_rate = 0.0002
Magnetization = -0.6484375
mean(E): (-63.44203186035156+0.2157154232263565j), varE: 1.4930566549301147, #samples 256, #Step 88700 


grad_norm: 9.762343
learning_rate = 0.0002
Magnetization = -0.5390625
mean(E): (-63.49020767211914+0.24422337114810944j), varE: 2.0854179859161377, #samples 256, #Step 88800 


grad_norm: 12.536491
learning_rate = 0.0002
Magnetization = 1.0859375
mean(E): (-63.3754768371582+0.3986751437187195j), varE: 9.356549263000488, #samples 256, #Step 88900 


grad_norm: 60.311207
learning_rate = 0.0002
Magnetization = -0.59375
mean(E): (-63.406280517578125+0.2461782693862915j), varE: 1.6745262145996094, #samples 256, #Step 89000 


grad_norm: 10.106243
learning_rate = 0.0002
Magnetization = 0.46875
mean(E): (-63.5145378112793+0.21137917041778564j), varE: 1.3512165546417236, #samples 256, #Step 89100 


grad_norm: 10.951901
learning_rate = 0.0002
Magnetization = -0.1953125
mean(E): (-63.20501708984375+0.33708035945892334j), varE: 20.386371612548828, #samples 256, #Step 89200 


grad_norm: 46.63454
learning_rate = 0.0002
Magnetization = -0.1875
mean(E): (-63.377830505371094+0.23829159140586853j), varE: 3.8435144424438477, #samples 256, #Step 89300 


grad_norm: 14.4740715
learning_rate = 0.0002
Magnetization = -0.6015625
mean(E): (-63.536434173583984+0.2734684348106384j), varE: 1.445551872253418, #samples 256, #Step 89400 


grad_norm: 11.019734
learning_rate = 0.0002
Magnetization = -0.671875
mean(E): (-63.515892028808594+0.18409457802772522j), varE: 1.4415268898010254, #samples 256, #Step 89500 


grad_norm: 9.319192
learning_rate = 0.0002
Magnetization = -0.03125
mean(E): (-63.40428924560547+0.1888059377670288j), varE: 7.3641180992126465, #samples 256, #Step 89600 


grad_norm: 17.576338
learning_rate = 0.0002
Magnetization = 0.0859375
mean(E): (-63.47624969482422+0.17974042892456055j), varE: 3.207505702972412, #samples 256, #Step 89700 


grad_norm: 28.305359
learning_rate = 0.0002
Magnetization = 0.3515625
mean(E): (-63.45732116699219+0.18936944007873535j), varE: 1.3657145500183105, #samples 256, #Step 89800 


grad_norm: 10.234874
learning_rate = 0.0002
Magnetization = -0.7265625
mean(E): (-63.484535217285156+0.20058903098106384j), varE: 1.3300175666809082, #samples 256, #Step 89900 


grad_norm: 9.8102865
learning_rate = 0.0002
Magnetization = -0.6328125
mean(E): (-63.50666046142578+0.24540561437606812j), varE: 1.8814858198165894, #samples 256, #Step 90000 


grad_norm: 10.328425
learning_rate = 0.0002
Magnetization = -0.265625
mean(E): (-63.52906799316406+0.19500628113746643j), varE: 1.281409502029419, #samples 256, #Step 90100 


grad_norm: 8.9910965
learning_rate = 0.0002
Magnetization = -0.4609375
mean(E): (-63.42266082763672+0.2672483026981354j), varE: 3.368659496307373, #samples 256, #Step 90200 


grad_norm: 13.781687
learning_rate = 0.0002
Magnetization = -0.4375
mean(E): (-63.55894470214844+0.27244582772254944j), varE: 1.5700607299804688, #samples 256, #Step 90300 


grad_norm: 11.232205
learning_rate = 0.0002
Magnetization = -0.109375
mean(E): (-63.05440139770508-0.05434919893741608j), varE: 50.93637466430664, #samples 256, #Step 90400 


grad_norm: 65.189735
learning_rate = 0.0002
Magnetization = 0.5859375
mean(E): (-63.553955078125+0.169236958026886j), varE: 1.027148962020874, #samples 256, #Step 90500 


grad_norm: 8.874983
learning_rate = 0.0002
Magnetization = -0.6875
mean(E): (-63.49276351928711+0.19490405917167664j), varE: 1.0126738548278809, #samples 256, #Step 90600 


grad_norm: 7.206262
learning_rate = 0.0002
Magnetization = -1.421875
mean(E): (-63.510215759277344+0.21488986909389496j), varE: 1.189791202545166, #samples 256, #Step 90700 


grad_norm: 8.853216
learning_rate = 0.0002
Magnetization = -0.9140625
mean(E): (-63.53826904296875+0.25757259130477905j), varE: 1.4131600856781006, #samples 256, #Step 90800 


grad_norm: 9.746839
learning_rate = 0.0002
Magnetization = 0.6953125
mean(E): (-63.64799118041992+0.1880928874015808j), varE: 2.129458427429199, #samples 256, #Step 90900 


grad_norm: 11.506246
learning_rate = 0.0002
Magnetization = -0.328125
mean(E): (-63.4949951171875+0.2705231308937073j), varE: 1.4697532653808594, #samples 256, #Step 91000 


grad_norm: 9.303381
learning_rate = 0.0002
Magnetization = 1.03125
mean(E): (-63.504364013671875+0.19118988513946533j), varE: 1.4768778085708618, #samples 256, #Step 91100 


grad_norm: 14.184754
learning_rate = 0.0002
Magnetization = 0.546875
mean(E): (-63.4219856262207+0.22741177678108215j), varE: 1.8221056461334229, #samples 256, #Step 91200 


grad_norm: 13.670063
learning_rate = 0.0002
Magnetization = 0.90625
mean(E): (-63.59356689453125+0.2193736433982849j), varE: 1.3512661457061768, #samples 256, #Step 91300 


grad_norm: 8.621492
learning_rate = 0.0002
Magnetization = 0.0390625
mean(E): (-63.497467041015625+0.2288912832736969j), varE: 1.36116623878479, #samples 256, #Step 91400 


grad_norm: 10.153996
learning_rate = 0.0002
Magnetization = -0.0703125
mean(E): (-63.482818603515625+0.2782057523727417j), varE: 1.8455144166946411, #samples 256, #Step 91500 


grad_norm: 18.405544
learning_rate = 0.0002
Magnetization = 0.3359375
mean(E): (-63.44701385498047+0.15317343175411224j), varE: 1.6548435688018799, #samples 256, #Step 91600 


grad_norm: 12.4814415
learning_rate = 0.0002
Magnetization = -0.1953125
mean(E): (-63.60110855102539+0.19146740436553955j), varE: 1.228991150856018, #samples 256, #Step 91700 


grad_norm: 9.11547
learning_rate = 0.0002
Magnetization = -1.1875
mean(E): (-63.4586067199707+0.1740337312221527j), varE: 1.971845030784607, #samples 256, #Step 91800 


grad_norm: 11.617618
learning_rate = 0.0002
Magnetization = -0.609375
mean(E): (-63.44505310058594+0.20378151535987854j), varE: 1.1181811094284058, #samples 256, #Step 91900 


grad_norm: 7.8550673
learning_rate = 0.0002
Magnetization = 0.0859375
mean(E): (-63.40850067138672+0.15058115124702454j), varE: 2.979409694671631, #samples 256, #Step 92000 


grad_norm: 33.60108
learning_rate = 0.0002
Magnetization = 0.421875
mean(E): (-63.439361572265625+0.19477751851081848j), varE: 1.3435131311416626, #samples 256, #Step 92100 


grad_norm: 9.782305
learning_rate = 0.0002
Magnetization = 0.078125
mean(E): (-63.4853401184082+0.20843493938446045j), varE: 1.8438698053359985, #samples 256, #Step 92200 


grad_norm: 17.099386
learning_rate = 0.0002
Magnetization = -0.359375
mean(E): (-63.538597106933594+0.19411134719848633j), varE: 1.042165994644165, #samples 256, #Step 92300 


grad_norm: 9.371421
learning_rate = 0.0002
Magnetization = -0.3125
mean(E): (-63.40412521362305+0.10964806377887726j), varE: 2.104560136795044, #samples 256, #Step 92400 


grad_norm: 14.479778
learning_rate = 0.0002
Magnetization = -0.1484375
mean(E): (-63.37968444824219+0.15815773606300354j), varE: 1.1868404150009155, #samples 256, #Step 92500 


grad_norm: 9.466856
learning_rate = 0.0002
Magnetization = -0.765625
mean(E): (-63.39446258544922+0.15128572285175323j), varE: 1.3242154121398926, #samples 256, #Step 92600 


grad_norm: 11.093418
learning_rate = 0.0002
Magnetization = -0.4609375
mean(E): (-63.48062515258789+0.22448238730430603j), varE: 1.940677523612976, #samples 256, #Step 92700 


grad_norm: 11.185098
learning_rate = 0.0002
Magnetization = 0.0390625
mean(E): (-63.451133728027344+0.24002040922641754j), varE: 1.1950812339782715, #samples 256, #Step 92800 


grad_norm: 9.492997
learning_rate = 0.0002
Magnetization = 0.171875
mean(E): (-63.38953399658203+0.2398490011692047j), varE: 6.6033477783203125, #samples 256, #Step 92900 


grad_norm: 36.41845
learning_rate = 0.0002
Magnetization = 0.4609375
mean(E): (-63.848472595214844+0.49877089262008667j), varE: 56.44230270385742, #samples 256, #Step 93000 


grad_norm: 80.41484
learning_rate = 0.0002
Magnetization = 0.5
mean(E): (-63.702877044677734+0.21290820837020874j), varE: 4.047178745269775, #samples 256, #Step 93100 


grad_norm: 15.294846
learning_rate = 0.0002
Magnetization = -0.078125
mean(E): (-63.38551330566406+0.2325093299150467j), varE: 1.45112943649292, #samples 256, #Step 93200 


grad_norm: 8.794016
learning_rate = 0.0002
Magnetization = -0.6015625
mean(E): (-63.551856994628906+0.2119189202785492j), varE: 1.6389787197113037, #samples 256, #Step 93300 


grad_norm: 10.158882
learning_rate = 0.0002
Magnetization = -0.5
mean(E): (-63.29619598388672+0.23753993213176727j), varE: 6.456125259399414, #samples 256, #Step 93400 


grad_norm: 33.82401
learning_rate = 0.0002
Magnetization = 0.078125
mean(E): (-63.53540802001953+0.1994582712650299j), varE: 0.9475886821746826, #samples 256, #Step 93500 


grad_norm: 8.322664
learning_rate = 0.0002
Magnetization = -0.3203125
mean(E): (-63.58280944824219+0.21958938241004944j), varE: 1.7799042463302612, #samples 256, #Step 93600 


grad_norm: 12.342677
learning_rate = 0.0002
Magnetization = -0.4296875
mean(E): (-63.49745178222656+0.2469663918018341j), varE: 1.4683361053466797, #samples 256, #Step 93700 


grad_norm: 9.126988
learning_rate = 0.0002
Magnetization = 0.1484375
mean(E): (-63.5037956237793+0.2253461331129074j), varE: 1.2863819599151611, #samples 256, #Step 93800 


grad_norm: 9.559033
learning_rate = 0.0002
Magnetization = -0.078125
mean(E): (-63.129249572753906+0.35409313440322876j), varE: 33.546756744384766, #samples 256, #Step 93900 


grad_norm: 40.96611
learning_rate = 0.0002
Magnetization = -0.9453125
mean(E): (-63.44410705566406+0.2712438702583313j), varE: 1.4603170156478882, #samples 256, #Step 94000 


grad_norm: 9.312989
learning_rate = 0.0002
Magnetization = -0.015625
mean(E): (-63.42583465576172+0.1285407841205597j), varE: 2.8378536701202393, #samples 256, #Step 94100 


grad_norm: 13.85517
learning_rate = 0.0002
Magnetization = 0.4453125
mean(E): (-63.51914978027344+0.30256274342536926j), varE: 3.690321922302246, #samples 256, #Step 94200 


grad_norm: 32.338356
learning_rate = 0.0002
Magnetization = 0.4453125
mean(E): (-63.46993637084961+0.2816917300224304j), varE: 2.220606803894043, #samples 256, #Step 94300 


grad_norm: 13.981669
learning_rate = 0.0002
Magnetization = -0.8125
mean(E): (-63.47775650024414+0.19468745589256287j), varE: 1.371105670928955, #samples 256, #Step 94400 


grad_norm: 9.166307
learning_rate = 0.0002
Magnetization = -0.5703125
mean(E): (-63.44816589355469+0.22161486744880676j), varE: 2.969750165939331, #samples 256, #Step 94500 


grad_norm: 14.352987
learning_rate = 0.0002
Magnetization = -0.1875
mean(E): (-63.412757873535156+0.1540052592754364j), varE: 2.8836119174957275, #samples 256, #Step 94600 


grad_norm: 15.91804
learning_rate = 0.0002
Magnetization = 0.2578125
mean(E): (-63.40958786010742+0.21142494678497314j), varE: 2.2479515075683594, #samples 256, #Step 94700 


grad_norm: 14.707417
learning_rate = 0.0002
Magnetization = 0.3359375
mean(E): (-63.32810592651367+0.22078146040439606j), varE: 2.713348865509033, #samples 256, #Step 94800 


grad_norm: 14.953172
learning_rate = 0.0002
Magnetization = -0.2578125
mean(E): (-63.36722183227539+0.2291623055934906j), varE: 1.041276216506958, #samples 256, #Step 94900 


grad_norm: 8.074755
learning_rate = 0.0002
Magnetization = -0.4609375
mean(E): (-63.60124969482422+0.19522309303283691j), varE: 3.3344297409057617, #samples 256, #Step 95000 


grad_norm: 16.90379
learning_rate = 0.0002
Magnetization = -0.6171875
mean(E): (-63.4538459777832+0.22792848944664001j), varE: 2.1419124603271484, #samples 256, #Step 95100 


grad_norm: 13.809596
learning_rate = 0.0002
Magnetization = -0.21875
mean(E): (-63.46267318725586+0.2267375886440277j), varE: 1.2613484859466553, #samples 256, #Step 95200 


grad_norm: 8.167834
learning_rate = 0.0002
Magnetization = -0.015625
mean(E): (-63.35552215576172+0.2634740471839905j), varE: 1.5319583415985107, #samples 256, #Step 95300 


grad_norm: 10.032685
learning_rate = 0.0002
Magnetization = -0.390625
mean(E): (-63.69751739501953+0.29555392265319824j), varE: 5.891171932220459, #samples 256, #Step 95400 


grad_norm: 24.994595
learning_rate = 0.0002
Magnetization = -0.015625
mean(E): (-63.65275573730469+0.24016684293746948j), varE: 3.816101312637329, #samples 256, #Step 95500 


grad_norm: 15.55536
learning_rate = 0.0002
Magnetization = -0.1953125
mean(E): (-63.482261657714844+0.2865016758441925j), varE: 1.8727420568466187, #samples 256, #Step 95600 


grad_norm: 15.041308
learning_rate = 0.0002
Magnetization = -0.0390625
mean(E): (-63.522056579589844+0.2627300024032593j), varE: 1.267815351486206, #samples 256, #Step 95700 


grad_norm: 8.648727
learning_rate = 0.0002
Magnetization = 0.25
mean(E): (-63.417152404785156+0.22969737648963928j), varE: 2.2107903957366943, #samples 256, #Step 95800 


grad_norm: 14.252905
learning_rate = 0.0002
Magnetization = 0.15625
mean(E): (-63.48118591308594+0.24256543815135956j), varE: 1.2776280641555786, #samples 256, #Step 95900 


grad_norm: 9.955131
learning_rate = 0.0002
Magnetization = -0.203125
mean(E): (-63.30885314941406+0.15053170919418335j), varE: 1.4389901161193848, #samples 256, #Step 96000 


grad_norm: 9.859332
learning_rate = 0.0002
Magnetization = -0.15625
mean(E): (-63.52401351928711+0.4899056851863861j), varE: 14.609210968017578, #samples 256, #Step 96100 


grad_norm: 38.904324
learning_rate = 0.0002
Magnetization = -0.8203125
mean(E): (-63.43043899536133+0.18020206689834595j), varE: 1.755456805229187, #samples 256, #Step 96200 


grad_norm: 11.412079
learning_rate = 0.0002
Magnetization = -0.21875
mean(E): (-63.408939361572266+0.2614958882331848j), varE: 1.311091423034668, #samples 256, #Step 96300 


grad_norm: 9.431318
learning_rate = 0.0002
Magnetization = 0.2734375
mean(E): (-63.40155029296875+0.1517762541770935j), varE: 2.5112338066101074, #samples 256, #Step 96400 


grad_norm: 11.308784
learning_rate = 0.0002
Magnetization = -0.109375
mean(E): (-63.509666442871094+0.41395294666290283j), varE: 6.967290878295898, #samples 256, #Step 96500 


grad_norm: 27.24656
learning_rate = 0.0002
Magnetization = -0.3359375
mean(E): (-63.43053436279297+0.19187195599079132j), varE: 1.5025019645690918, #samples 256, #Step 96600 


grad_norm: 11.050244
learning_rate = 0.0002
Magnetization = -0.765625
mean(E): (-63.55296325683594+0.19226425886154175j), varE: 2.944636344909668, #samples 256, #Step 96700 


grad_norm: 20.941616
learning_rate = 0.0002
Magnetization = 0.484375
mean(E): (-63.48497009277344+0.2252921313047409j), varE: 1.6242661476135254, #samples 256, #Step 96800 


grad_norm: 10.294051
learning_rate = 0.0002
Magnetization = 0.125
mean(E): (-63.480064392089844+0.2617364227771759j), varE: 1.4457738399505615, #samples 256, #Step 96900 


grad_norm: 9.357415
learning_rate = 0.0002
Magnetization = -0.640625
mean(E): (-63.634132385253906+0.21543103456497192j), varE: 1.8402109146118164, #samples 256, #Step 97000 


grad_norm: 10.883399
learning_rate = 0.0002
Magnetization = 0.2109375
mean(E): (-63.32374572753906+0.26867562532424927j), varE: 13.920565605163574, #samples 256, #Step 97100 


grad_norm: 42.6229
learning_rate = 0.0002
Magnetization = -0.21875
mean(E): (-63.48837661743164+0.26474401354789734j), varE: 1.6224688291549683, #samples 256, #Step 97200 


grad_norm: 11.203382
learning_rate = 0.0002
Magnetization = 0.0859375
mean(E): (-63.447669982910156+0.28920096158981323j), varE: 1.1780016422271729, #samples 256, #Step 97300 


grad_norm: 9.817079
learning_rate = 0.0002
Magnetization = -0.7109375
mean(E): (-63.50475311279297+0.29180461168289185j), varE: 1.7644658088684082, #samples 256, #Step 97400 


grad_norm: 12.378986
learning_rate = 0.0002
Magnetization = -0.1953125
mean(E): (-63.36125183105469+0.140921488404274j), varE: 9.459327697753906, #samples 256, #Step 97500 


grad_norm: 56.500458
learning_rate = 0.0002
Magnetization = -0.640625
mean(E): (-63.46151351928711+0.1754356175661087j), varE: 1.9411102533340454, #samples 256, #Step 97600 


grad_norm: 11.456788
learning_rate = 0.0002
Magnetization = 0.1953125
mean(E): (-63.46260070800781+0.1354283094406128j), varE: 1.7714725732803345, #samples 256, #Step 97700 


grad_norm: 12.283453
learning_rate = 0.0002
Magnetization = -0.8515625
mean(E): (-63.56083679199219+0.28157439827919006j), varE: 1.416522741317749, #samples 256, #Step 97800 


grad_norm: 10.009059
learning_rate = 0.0002
Magnetization = -1.1796875
mean(E): (-63.37008285522461+0.14493362605571747j), varE: 3.0831174850463867, #samples 256, #Step 97900 


grad_norm: 23.90573
learning_rate = 0.0002
Magnetization = -0.2734375
mean(E): (-63.532798767089844+0.19329261779785156j), varE: 1.9314104318618774, #samples 256, #Step 98000 


grad_norm: 12.483726
learning_rate = 0.0002
Magnetization = 0.0
mean(E): (-63.466773986816406+0.2484588772058487j), varE: 1.1338684558868408, #samples 256, #Step 98100 


grad_norm: 9.173426
learning_rate = 0.0002
Magnetization = 0.1171875
mean(E): (-63.47136688232422+0.09488493949174881j), varE: 1.7656633853912354, #samples 256, #Step 98200 


grad_norm: 12.333724
learning_rate = 0.0002
Magnetization = -0.265625
mean(E): (-63.44962692260742+0.179091215133667j), varE: 1.4433088302612305, #samples 256, #Step 98300 


grad_norm: 9.800426
learning_rate = 0.0002
Magnetization = -0.9609375
mean(E): (-63.525917053222656+0.20559808611869812j), varE: 1.6941485404968262, #samples 256, #Step 98400 


grad_norm: 11.439629
learning_rate = 0.0002
Magnetization = -0.0546875
mean(E): (-63.5481071472168+0.22086253762245178j), varE: 1.3702738285064697, #samples 256, #Step 98500 


grad_norm: 8.734423
learning_rate = 0.0002
Magnetization = 0.5390625
mean(E): (-63.43634033203125+0.1748669296503067j), varE: 1.6654279232025146, #samples 256, #Step 98600 


grad_norm: 15.346529
learning_rate = 0.0002
Magnetization = 0.9140625
mean(E): (-63.50820541381836+0.3034878969192505j), varE: 1.7128188610076904, #samples 256, #Step 98700 


grad_norm: 12.933647
learning_rate = 0.0002
Magnetization = 0.40625
mean(E): (-63.48031234741211+0.21419867873191833j), varE: 1.3136992454528809, #samples 256, #Step 98800 


grad_norm: 10.723679
learning_rate = 0.0002
Magnetization = -0.1640625
mean(E): (-63.60187530517578+0.14986252784729004j), varE: 1.663081407546997, #samples 256, #Step 98900 


grad_norm: 11.701613
learning_rate = 0.0002
Magnetization = 0.21875
mean(E): (-63.45159149169922+0.2123240977525711j), varE: 0.8840267658233643, #samples 256, #Step 99000 


grad_norm: 7.5935144
learning_rate = 0.0002
Magnetization = -0.140625
mean(E): (-63.586727142333984+0.37069031596183777j), varE: 8.060901641845703, #samples 256, #Step 99100 


grad_norm: 31.789425
learning_rate = 0.0002
Magnetization = 0.7109375
mean(E): (-63.52492904663086+0.29606130719184875j), varE: 3.5319766998291016, #samples 256, #Step 99200 


grad_norm: 22.08588
learning_rate = 0.0002
Magnetization = -0.265625
mean(E): (-63.53990173339844+0.24208028614521027j), varE: 1.3952275514602661, #samples 256, #Step 99300 


grad_norm: 9.469403
learning_rate = 0.0002
Magnetization = -0.0703125
mean(E): (-63.52531051635742+0.22420169413089752j), varE: 1.5186653137207031, #samples 256, #Step 99400 


grad_norm: 10.258106
learning_rate = 0.0002
Magnetization = -0.171875
mean(E): (-63.63199996948242+0.21802189946174622j), varE: 1.1265485286712646, #samples 256, #Step 99500 


grad_norm: 8.973018
learning_rate = 0.0002
Magnetization = 0.234375
mean(E): (-63.37119674682617+0.15571410953998566j), varE: 12.258781433105469, #samples 256, #Step 99600 


grad_norm: 25.168661
learning_rate = 0.0002
Magnetization = 0.65625
mean(E): (-63.4288444519043+0.22441065311431885j), varE: 1.9464726448059082, #samples 256, #Step 99700 


grad_norm: 12.59061
learning_rate = 0.0002
Magnetization = 0.1015625
mean(E): (-63.42169189453125+0.2159457802772522j), varE: 1.3197834491729736, #samples 256, #Step 99800 


grad_norm: 10.218276
learning_rate = 0.0002
Magnetization = -0.1328125
mean(E): (-63.43871307373047+0.13450750708580017j), varE: 2.9422519207000732, #samples 256, #Step 99900 


grad_norm: 27.38176
learning_rate = 0.0002
Magnetization = 0.234375
mean(E): (-63.62826156616211+0.22473689913749695j), varE: 1.5859415531158447, #samples 256, #Step 100000 


grad_norm: 9.815702
